---------- Date: 2015-11-03 00:09:41 ~ IP : 80.91.168.211 ----------
REQUEST URI : /admin/index.php?route=extension/modification&token=v9ehSOTCziM6PfFcvvy6p29r6FMJVIYz
MOD DETAILS:
   modFile   : /home/iverson/altcoders.com/g/vqmod/xml/kumarsuresh521_quick_login.xml
   id        : Quick Login
   version   : 1.0.1
   vqmver    : 2.5
   author    : kumarsuresh521-apps.blogspot.in KumarSuresh521@gmail.com
VQModObject::parseMods - Could not resolve path for [catalog/language/de_DE/common/header.php] (SKIPPED)

----------------------------------------------------------------------


---------- Date: 2015-11-03 00:10:26 ~ IP : 80.91.168.211 ----------
REQUEST URI : /index.php?route=account/register
MOD DETAILS:
   modFile   : /home/iverson/altcoders.com/g/vqmod/xml/posts.xml
   id        : Статьи
   version   : OC 2.x
   vqmver    : 2.0.0
   author    : Equotix

File Name    : catalog/controller/common/seo_url.php(2)
VQModObject::applyMod - SEARCH NOT FOUND (ABORTING MOD): if (($data['route'] == 'product/product' && $key == 'product_id') || (($data['route'] == 'product/manufacturer/info' || $data['route'] == 'product/product') && $key == 'manufacturer_id') || ($data['route'] == 'information/information' && $key == 'information_id')) {
MOD DETAILS:
   modFile   : /home/iverson/altcoders.com/g/vqmod/xml/news.xml
   id        : News
   version   : OC 2.x
   vqmver    : 2.0.0
   author    : Equotix

File Name    : catalog/controller/common/seo_url.php(2)
VQModObject::applyMod - SEARCH NOT FOUND (ABORTING MOD): if (($data['route'] == 'product/product' && $key == 'product_id') || (($data['route'] == 'product/manufacturer/info' || $data['route'] == 'product/product') && $key == 'manufacturer_id') || ($data['route'] == 'information/information' && $key == 'information_id')) {

MOD DETAILS:
   modFile   : /home/iverson/altcoders.com/g/vqmod/xml/kumarsuresh521_quick_login.xml
   id        : Quick Login
   version   : 1.0.1
   vqmver    : 2.5
   author    : kumarsuresh521-apps.blogspot.in KumarSuresh521@gmail.com

File Name    : catalog/language/english/common/header.php(0)
VQModObject::applyMod - SEARCH NOT FOUND (ABORTING MOD): <a href="%s">login</a>

----------------------------------------------------------------------


---------- Date: 2015-11-03 12:43:43 ~ IP : 80.91.168.211 ----------
REQUEST URI : /admin/index.php?route=extension/module&token=LZbjjIVFUsdNetN3iqxhadv1eJbK4Cnw
MOD DETAILS:
   modFile   : /home/iverson/altcoders.com/g/vqmod/xml/kumarsuresh521_quick_login.xml
   id        : Quick Login
   version   : 1.0.1
   vqmver    : 2.5
   author    : kumarsuresh521-apps.blogspot.in KumarSuresh521@gmail.com
VQModObject::parseMods - Could not resolve path for [catalog/language/de_DE/common/header.php] (SKIPPED)

----------------------------------------------------------------------


---------- Date: 2015-11-03 12:44:19 ~ IP : 80.91.168.211 ----------
REQUEST URI : /index.php?route=account/login
MOD DETAILS:
   modFile   : /home/iverson/altcoders.com/g/vqmod/xml/posts.xml
   id        : Статьи
   version   : OC 2.x
   vqmver    : 2.0.0
   author    : Equotix

File Name    : catalog/controller/common/seo_url.php(2)
VQModObject::applyMod - SEARCH NOT FOUND (ABORTING MOD): if (($data['route'] == 'product/product' && $key == 'product_id') || (($data['route'] == 'product/manufacturer/info' || $data['route'] == 'product/product') && $key == 'manufacturer_id') || ($data['route'] == 'information/information' && $key == 'information_id')) {
MOD DETAILS:
   modFile   : /home/iverson/altcoders.com/g/vqmod/xml/news.xml
   id        : News
   version   : OC 2.x
   vqmver    : 2.0.0
   author    : Equotix

File Name    : catalog/controller/common/seo_url.php(2)
VQModObject::applyMod - SEARCH NOT FOUND (ABORTING MOD): if (($data['route'] == 'product/product' && $key == 'product_id') || (($data['route'] == 'product/manufacturer/info' || $data['route'] == 'product/product') && $key == 'manufacturer_id') || ($data['route'] == 'information/information' && $key == 'information_id')) {

----------------------------------------------------------------------


---------- Date: 2015-11-03 12:58:55 ~ IP : 80.91.168.211 ----------
REQUEST URI : /admin/index.php?route=extension/modification&token=LZbjjIVFUsdNetN3iqxhadv1eJbK4Cnw
MOD DETAILS:
   modFile   : /home/iverson/altcoders.com/g/vqmod/xml/kumarsuresh521_quick_login.xml
   id        : Quick Login
   version   : 1.0.1
   vqmver    : 2.5
   author    : kumarsuresh521-apps.blogspot.in KumarSuresh521@gmail.com
VQModObject::parseMods - Could not resolve path for [catalog/language/de_DE/common/header.php] (SKIPPED)

----------------------------------------------------------------------


---------- Date: 2015-11-03 14:20:57 ~ IP : 80.91.168.211 ----------
REQUEST URI : /
MOD DETAILS:
   modFile   : /home/iverson/altcoders.com/g/vqmod/xml/posts.xml
   id        : Статьи
   version   : OC 2.x
   vqmver    : 2.0.0
   author    : Equotix

File Name    : catalog/controller/common/seo_url.php(2)
VQModObject::applyMod - SEARCH NOT FOUND (ABORTING MOD): if (($data['route'] == 'product/product' && $key == 'product_id') || (($data['route'] == 'product/manufacturer/info' || $data['route'] == 'product/product') && $key == 'manufacturer_id') || ($data['route'] == 'information/information' && $key == 'information_id')) {
MOD DETAILS:
   modFile   : /home/iverson/altcoders.com/g/vqmod/xml/news.xml
   id        : News
   version   : OC 2.x
   vqmver    : 2.0.0
   author    : Equotix

File Name    : catalog/controller/common/seo_url.php(2)
VQModObject::applyMod - SEARCH NOT FOUND (ABORTING MOD): if (($data['route'] == 'product/product' && $key == 'product_id') || (($data['route'] == 'product/manufacturer/info' || $data['route'] == 'product/product') && $key == 'manufacturer_id') || ($data['route'] == 'information/information' && $key == 'information_id')) {

----------------------------------------------------------------------


