---------- Date: 2015-11-28 13:58:05 ~ IP : 37.55.51.114 ----------
REQUEST URI : /index.php?route=common/home
MOD DETAILS:
   modFile   : /home/iverson/altcoders.com/g/vqmod/xml/news.xml
   id        : News
   version   : OC 2.x
   vqmver    : 2.0.0
   author    : Equotix

File Name    : catalog/view/theme/*/template/common/footer.tpl(0)
VQModObject::applyMod - SEARCH NOT FOUND (ABORTING MOD): <li><a href="<?php echo $voucher; ?>"><?php echo $text_voucher; ?></a></li>

MOD DETAILS:
   modFile   : /home/iverson/altcoders.com/g/vqmod/xml/posts.xml
   id        : Статьи
   version   : OC 2.x
   vqmver    : 2.0.0
   author    : Equotix

File Name    : catalog/view/theme/*/template/common/footer.tpl(0)
VQModObject::applyMod - SEARCH NOT FOUND (ABORTING MOD): <li><a href="<?php echo $voucher; ?>"><?php echo $text_voucher; ?></a></li>
MOD DETAILS:
   modFile   : /home/iverson/altcoders.com/g/vqmod/xml/kumarsuresh521_quick_login.xml
   id        : Quick Login
   version   : 1.0.1
   vqmver    : 2.5
   author    : kumarsuresh521-apps.blogspot.in KumarSuresh521@gmail.com

File Name    : catalog/view/theme/*/template/common/header.tpl(0)
VQModObject::applyMod - SEARCH NOT FOUND (ABORTING MOD): <script type="text/javascript" src="catalog/view/javascript/common.js"></script>

----------------------------------------------------------------------


